<?xml version="1.0" encoding="UTF-8"?>
<!-- Generated by org.testng.reporters.JUnitXMLReporter -->
<testsuite ignored="2" hostname="DESKTOP-50PIISQ" failures="0" tests="2" name="parellelTest" time="62.696" errors="0" timestamp="2022-10-18T10:48:52 IST">
  <testcase classname="com.crm.vitiger3.testcases.creatingconTestNG" name="creatingConTestNg" time="24.349"/>
  <testcase classname="com.crm.vitiger3.testcases.creatingorgnameTest" name="creatingorgnameTestNG" time="7.83"/>
  <testcase classname="genericutility.Baseclass" name="@AfterSuite dataBaseDisconnected" time="0.0">
    <ignored/>
  </testcase> <!-- @AfterSuite dataBaseDisconnected -->
  <testcase classname="genericutility.Baseclass" name="@BeforeSuite dataBaseconnection" time="0.0">
    <ignored/>
  </testcase> <!-- @BeforeSuite dataBaseconnection -->
</testsuite> <!-- parellelTest -->
