<?xml version="1.0" encoding="UTF-8"?>
<!-- Generated by org.testng.reporters.JUnitXMLReporter -->
<testsuite ignored="4" hostname="DESKTOP-50PIISQ" failures="0" tests="3" name="Test" time="69.064" errors="0" timestamp="2022-11-01T17:34:36 IST">
  <testcase classname="com.crm.vitiger3.testcases.Orgnamevalidation" name="orgnameTestNG" time="15.402"/>
  <testcase classname="com.crm.vitiger3.testcases.creatingconTestNG" name="creatingConTestNg" time="23.482"/>
  <testcase classname="com.crm.vitiger3.testcases.creatingorgnameTest" name="creatingorgnameTestNG" time="7.737"/>
  <testcase classname="genericutility.Baseclass" name="@AfterSuite dataBaseDisconnected" time="0.0">
    <ignored/>
  </testcase> <!-- @AfterSuite dataBaseDisconnected -->
  <testcase classname="genericutility.Baseclass" name="@AfterSuite dataBaseDisconnected" time="0.0">
    <ignored/>
  </testcase> <!-- @AfterSuite dataBaseDisconnected -->
  <testcase classname="genericutility.Baseclass" name="@BeforeSuite dataBaseconnection" time="0.0">
    <ignored/>
  </testcase> <!-- @BeforeSuite dataBaseconnection -->
  <testcase classname="genericutility.Baseclass" name="@BeforeSuite dataBaseconnection" time="0.0">
    <ignored/>
  </testcase> <!-- @BeforeSuite dataBaseconnection -->
</testsuite> <!-- Test -->
