<?xml version="1.0" encoding="UTF-8"?>
<!-- Generated by org.testng.reporters.JUnitXMLReporter -->
<testsuite ignored="1" hostname="DESKTOP-50PIISQ" failures="0" tests="2" name="test1" time="0.094" errors="0" timestamp="2022-10-17T09:39:31 IST">
  <testcase classname="testNG.prac.Grpflags" name="test1" time="0.012"/>
  <testcase classname="testNG.prac.Grpflags" name="test2" time="0.003"/>
  <testcase classname="testNG.prac.Grpflags" name="test3" time="0.0">
    <ignored/>
  </testcase> <!-- test3 -->
</testsuite> <!-- test1 -->
