<?xml version="1.0" encoding="UTF-8"?>
<testng-results ignored="4" total="7" passed="3" failed="0" skipped="0">
  <reporter-output>
  </reporter-output>
  <suite started-at="2022-10-20T22:48:57 IST" name="Suite" finished-at="2022-10-20T22:50:06 IST" duration-ms="69241">
    <groups>
      <group name="regression">
        <method signature="Orgnamevalidation.orgnameTestNG()[pri:0, instance:com.crm.vitiger3.testcases.Orgnamevalidation@2dc54ad4]" name="orgnameTestNG" class="com.crm.vitiger3.testcases.Orgnamevalidation"/>
      </group> <!-- regression -->
      <group name="smoke">
        <method signature="creatingorgnameTest.creatingorgnameTestNG()[pri:0, instance:com.crm.vitiger3.testcases.creatingorgnameTest@b9b00e0]" name="creatingorgnameTestNG" class="com.crm.vitiger3.testcases.creatingorgnameTest"/>
      </group> <!-- smoke -->
      <group name="integration">
        <method signature="creatingconTestNG.creatingConTestNg()[pri:0, instance:com.crm.vitiger3.testcases.creatingconTestNG@13fd2ccd]" name="creatingConTestNg" class="com.crm.vitiger3.testcases.creatingconTestNG"/>
      </group> <!-- integration -->
    </groups>
    <test started-at="2022-10-20T22:48:57 IST" name="Test" finished-at="2022-10-20T22:50:06 IST" duration-ms="69241">
      <class name="com.crm.vitiger3.testcases.creatingconTestNG">
        <test-method is-config="true" signature="launchBrowser()[pri:0, instance:com.crm.vitiger3.testcases.creatingconTestNG@13fd2ccd]" started-at="2022-10-20T22:49:22 IST" name="launchBrowser" finished-at="2022-10-20T22:49:25 IST" duration-ms="2566" status="PASS">
          <reporter-output>
          </reporter-output>
        </test-method> <!-- launchBrowser -->
        <test-method is-config="true" signature="logintoApp()[pri:0, instance:com.crm.vitiger3.testcases.creatingconTestNG@13fd2ccd]" started-at="2022-10-20T22:49:25 IST" name="logintoApp" finished-at="2022-10-20T22:49:28 IST" duration-ms="3489" status="PASS">
          <reporter-output>
          </reporter-output>
        </test-method> <!-- logintoApp -->
        <test-method signature="creatingConTestNg()[pri:0, instance:com.crm.vitiger3.testcases.creatingconTestNG@13fd2ccd]" started-at="2022-10-20T22:49:28 IST" name="creatingConTestNg" finished-at="2022-10-20T22:49:52 IST" duration-ms="23376" status="PASS">
          <reporter-output>
          </reporter-output>
        </test-method> <!-- creatingConTestNg -->
        <test-method is-config="true" signature="logout()[pri:0, instance:com.crm.vitiger3.testcases.creatingconTestNG@13fd2ccd]" started-at="2022-10-20T22:49:52 IST" name="logout" finished-at="2022-10-20T22:49:52 IST" duration-ms="2" status="PASS">
          <reporter-output>
          </reporter-output>
        </test-method> <!-- logout -->
        <test-method is-config="true" signature="closeBrowser()[pri:0, instance:com.crm.vitiger3.testcases.creatingconTestNG@13fd2ccd]" started-at="2022-10-20T22:49:52 IST" name="closeBrowser" finished-at="2022-10-20T22:49:52 IST" duration-ms="230" status="PASS">
          <reporter-output>
          </reporter-output>
        </test-method> <!-- closeBrowser -->
      </class> <!-- com.crm.vitiger3.testcases.creatingconTestNG -->
      <class name="com.crm.vitiger3.testcases.Orgnamevalidation">
        <test-method is-config="true" signature="dataBaseconnection()[pri:0, instance:com.crm.vitiger3.testcases.Orgnamevalidation@2dc54ad4]" started-at="2022-10-20T22:48:57 IST" name="dataBaseconnection" finished-at="2022-10-20T22:48:57 IST" duration-ms="11" status="PASS">
          <reporter-output>
          </reporter-output>
        </test-method> <!-- dataBaseconnection -->
        <test-method is-config="true" signature="launchBrowser()[pri:0, instance:com.crm.vitiger3.testcases.Orgnamevalidation@2dc54ad4]" started-at="2022-10-20T22:48:57 IST" name="launchBrowser" finished-at="2022-10-20T22:49:03 IST" duration-ms="5617" status="PASS">
          <reporter-output>
          </reporter-output>
        </test-method> <!-- launchBrowser -->
        <test-method is-config="true" signature="logintoApp()[pri:0, instance:com.crm.vitiger3.testcases.Orgnamevalidation@2dc54ad4]" started-at="2022-10-20T22:49:03 IST" name="logintoApp" finished-at="2022-10-20T22:49:06 IST" duration-ms="3150" status="PASS">
          <reporter-output>
          </reporter-output>
        </test-method> <!-- logintoApp -->
        <test-method signature="orgnameTestNG()[pri:0, instance:com.crm.vitiger3.testcases.Orgnamevalidation@2dc54ad4]" started-at="2022-10-20T22:49:06 IST" name="orgnameTestNG" finished-at="2022-10-20T22:49:22 IST" duration-ms="15974" status="PASS">
          <reporter-output>
          </reporter-output>
        </test-method> <!-- orgnameTestNG -->
        <test-method is-config="true" signature="logout()[pri:0, instance:com.crm.vitiger3.testcases.Orgnamevalidation@2dc54ad4]" started-at="2022-10-20T22:49:22 IST" name="logout" finished-at="2022-10-20T22:49:22 IST" duration-ms="3" status="PASS">
          <reporter-output>
          </reporter-output>
        </test-method> <!-- logout -->
        <test-method is-config="true" signature="closeBrowser()[pri:0, instance:com.crm.vitiger3.testcases.Orgnamevalidation@2dc54ad4]" started-at="2022-10-20T22:49:22 IST" name="closeBrowser" finished-at="2022-10-20T22:49:22 IST" duration-ms="172" status="PASS">
          <reporter-output>
          </reporter-output>
        </test-method> <!-- closeBrowser -->
        <test-method is-config="true" signature="dataBaseDisconnected()[pri:0, instance:com.crm.vitiger3.testcases.Orgnamevalidation@2dc54ad4]" started-at="2022-10-20T22:50:06 IST" name="dataBaseDisconnected" finished-at="2022-10-20T22:50:06 IST" duration-ms="0" status="PASS">
          <reporter-output>
          </reporter-output>
        </test-method> <!-- dataBaseDisconnected -->
      </class> <!-- com.crm.vitiger3.testcases.Orgnamevalidation -->
      <class name="com.crm.vitiger3.testcases.creatingorgnameTest">
        <test-method is-config="true" signature="launchBrowser()[pri:0, instance:com.crm.vitiger3.testcases.creatingorgnameTest@b9b00e0]" started-at="2022-10-20T22:49:52 IST" name="launchBrowser" finished-at="2022-10-20T22:49:54 IST" duration-ms="2412" status="PASS">
          <reporter-output>
          </reporter-output>
        </test-method> <!-- launchBrowser -->
        <test-method is-config="true" signature="logintoApp()[pri:0, instance:com.crm.vitiger3.testcases.creatingorgnameTest@b9b00e0]" started-at="2022-10-20T22:49:54 IST" name="logintoApp" finished-at="2022-10-20T22:49:57 IST" duration-ms="3273" status="PASS">
          <reporter-output>
          </reporter-output>
        </test-method> <!-- logintoApp -->
        <test-method signature="creatingorgnameTestNG()[pri:0, instance:com.crm.vitiger3.testcases.creatingorgnameTest@b9b00e0]" started-at="2022-10-20T22:49:57 IST" name="creatingorgnameTestNG" finished-at="2022-10-20T22:50:06 IST" duration-ms="8632" status="PASS">
          <reporter-output>
          </reporter-output>
        </test-method> <!-- creatingorgnameTestNG -->
        <test-method is-config="true" signature="logout()[pri:0, instance:com.crm.vitiger3.testcases.creatingorgnameTest@b9b00e0]" started-at="2022-10-20T22:50:06 IST" name="logout" finished-at="2022-10-20T22:50:06 IST" duration-ms="2" status="PASS">
          <reporter-output>
          </reporter-output>
        </test-method> <!-- logout -->
        <test-method is-config="true" signature="closeBrowser()[pri:0, instance:com.crm.vitiger3.testcases.creatingorgnameTest@b9b00e0]" started-at="2022-10-20T22:50:06 IST" name="closeBrowser" finished-at="2022-10-20T22:50:06 IST" duration-ms="259" status="PASS">
          <reporter-output>
          </reporter-output>
        </test-method> <!-- closeBrowser -->
      </class> <!-- com.crm.vitiger3.testcases.creatingorgnameTest -->
    </test> <!-- Test -->
  </suite> <!-- Suite -->
</testng-results>
